     40     15

Tragelaphus_angasii_unit1       GGC GAG CAG CCG GTG 
Tragelaphus_angasii_unit2       GGC GAG CCG CGC GAG 
Tragelaphus_angasii_unit3       GGC AAG CCG CGC GTG 
Tragelaphus_angasii_unit4       GGC GAG CAG CGC GTG 
Tragelaphus_oryx_unit1          GGC GAG CAG CCG GTG 
Tragelaphus_oryx_unit2          GGC GAG CCG CGC GAG 
Tragelaphus_oryx_unit3          GGC GAG CCG CGC GTG 
Tragelaphus_oryx_unit4          GGC GAG CAG CGC GTG 
Tragelaphus_imberbis_unit1      GGC GAG CAG CCG GTG 
Tragelaphus_imberbis_unit2      GGC GAG CCG CGC GAG 
Tragelaphus_imberbis_unit3      GGC GAG CCG CGC GTG 
Tragelaphus_imberbis_unit4      GGC GAG CAG CGC GTG 
Bison_bonasus_unit1             GGC GAG CAG CGC GTG 
Bison_bonasus_unit2             GGC GAG CAG CGC GTG 
Bison_bonasus_unit3             GGC GAG CAK CGS GTG 
Bison_bonasus_unit4             GGC GAG CAG CGC GTG 
Bos_gaurus_unit1                GGC GAG CAG CGC GTG 
Bos_gaurus_unit3                GGC GAG CAG CGC GTG 
Bos_gaurus_unit2                GGC GAG CAG CGC GTG 
Bos_gaurus_unit4                GGC GAG CAG CGC GTG 
Bos_primagenius_unit1           GGC GAG CAG CGC GTG 
Bos_primagenius_unit2           GGC GAG CAG CGC TTG 
Bos_primagenius_unit3           GGC GAG CAG CGC GTG 
Bos_primagenius_unit4           GGC GAG CAG CGC GTG 
Bos_javanicus_unit1             GGC GAG CAG CGC GTG 
Bos_javanicus_unit2             GGC GAG CAG CGC TTG 
Bos_javanicus_unit3             GGC GAG CAG CGC GTG 
Bos_javanicus_unit4             GGC GAG CAG CGC GTG 
Bison_bison_unit1               GGC GAG CAG CGC GTG 
Bison_bison_unit2               GGC GAG CAG CGC KTG 
Bison_bison_unit3               GGC GAG CAG CGC GTG 
Bison_bison_unit4               GGC GAG CAG CGC GTG 
Bos_grunniens_unit1             GGC GAG CAG CGC GTG 
Bos_grunniens_unit2             GGC GAG CAG CGT TTG 
Bos_grunniens_unit3             GGC GAG CAG CGC GTG 
Bos_grunniens_unit4             GGC GAG CAG CGC GTG 
Bubalus_bubalis_unit1           GGC GAG CAG CGC GTG 
Bubalus_bubalis_unit4           GGC GAG CAG CGC GTG 
Syncerus_caffer_unit1           GGC GAG CAG CGC GTG 
Syncerus_caffer_unit4           GGC GAG CAG CGC GTG 



Printing out site pattern counts


        40         15  P

Tragelaphus_angasii_unit1        CAG CCG GAG GGC GTG
Tragelaphus_angasii_unit2        CCG CGC GAG GGC GAG
Tragelaphus_angasii_unit3        CCG CGC AAG GGC GTG
Tragelaphus_angasii_unit4        CAG CGC GAG GGC GTG
Tragelaphus_oryx_unit1           CAG CCG GAG GGC GTG
Tragelaphus_oryx_unit2           CCG CGC GAG GGC GAG
Tragelaphus_oryx_unit3           CCG CGC GAG GGC GTG
Tragelaphus_oryx_unit4           CAG CGC GAG GGC GTG
Tragelaphus_imberbis_unit1       CAG CCG GAG GGC GTG
Tragelaphus_imberbis_unit2       CCG CGC GAG GGC GAG
Tragelaphus_imberbis_unit3       CCG CGC GAG GGC GTG
Tragelaphus_imberbis_unit4       CAG CGC GAG GGC GTG
Bison_bonasus_unit1              CAG CGC GAG GGC GTG
Bison_bonasus_unit2              CAG CGC GAG GGC GTG
Bison_bonasus_unit3              CAK CGS GAG GGC GTG
Bison_bonasus_unit4              CAG CGC GAG GGC GTG
Bos_gaurus_unit1                 CAG CGC GAG GGC GTG
Bos_gaurus_unit3                 CAG CGC GAG GGC GTG
Bos_gaurus_unit2                 CAG CGC GAG GGC GTG
Bos_gaurus_unit4                 CAG CGC GAG GGC GTG
Bos_primagenius_unit1            CAG CGC GAG GGC GTG
Bos_primagenius_unit2            CAG CGC GAG GGC TTG
Bos_primagenius_unit3            CAG CGC GAG GGC GTG
Bos_primagenius_unit4            CAG CGC GAG GGC GTG
Bos_javanicus_unit1              CAG CGC GAG GGC GTG
Bos_javanicus_unit2              CAG CGC GAG GGC TTG
Bos_javanicus_unit3              CAG CGC GAG GGC GTG
Bos_javanicus_unit4              CAG CGC GAG GGC GTG
Bison_bison_unit1                CAG CGC GAG GGC GTG
Bison_bison_unit2                CAG CGC GAG GGC KTG
Bison_bison_unit3                CAG CGC GAG GGC GTG
Bison_bison_unit4                CAG CGC GAG GGC GTG
Bos_grunniens_unit1              CAG CGC GAG GGC GTG
Bos_grunniens_unit2              CAG CGT GAG GGC TTG
Bos_grunniens_unit3              CAG CGC GAG GGC GTG
Bos_grunniens_unit4              CAG CGC GAG GGC GTG
Bubalus_bubalis_unit1            CAG CGC GAG GGC GTG
Bubalus_bubalis_unit4            CAG CGC GAG GGC GTG
Syncerus_caffer_unit1            CAG CGC GAG GGC GTG
Syncerus_caffer_unit4            CAG CGC GAG GGC GTG



    1    1    1    1    1

CODONML (in paml version 4.8, March 2014)  bovinae.insert_flank.PAML.MD.ok.fas
Model: One dN/dS ratio for branches, 
Codon frequency model: Fcodon
Site-class models:  PositiveSelection
ns =  40  ls =   5

Codon usage in sequences
--------------------------------------------------------------------------------------------------------------------------------------
Phe TTT   0   0   0   0   0   0 | Ser TCT   0   0   0   0   0   0 | Tyr TAT   0   0   0   0   0   0 | Cys TGT   0   0   0   0   0   0
    TTC   0   0   0   0   0   0 |     TCC   0   0   0   0   0   0 |     TAC   0   0   0   0   0   0 |     TGC   0   0   0   0   0   0
Leu TTA   0   0   0   0   0   0 |     TCA   0   0   0   0   0   0 | *** TAA   0   0   0   0   0   0 | *** TGA   0   0   0   0   0   0
    TTG   0   0   0   0   0   0 |     TCG   0   0   0   0   0   0 |     TAG   0   0   0   0   0   0 | Trp TGG   0   0   0   0   0   0
--------------------------------------------------------------------------------------------------------------------------------------
Leu CTT   0   0   0   0   0   0 | Pro CCT   0   0   0   0   0   0 | His CAT   0   0   0   0   0   0 | Arg CGT   0   0   0   0   0   0
    CTC   0   0   0   0   0   0 |     CCC   0   0   0   0   0   0 |     CAC   0   0   0   0   0   0 |     CGC   0   1   1   1   0   1
    CTA   0   0   0   0   0   0 |     CCA   0   0   0   0   0   0 | Gln CAA   0   0   0   0   0   0 |     CGA   0   0   0   0   0   0
    CTG   0   0   0   0   0   0 |     CCG   1   1   1   0   1   1 |     CAG   1   0   0   1   1   0 |     CGG   0   0   0   0   0   0
--------------------------------------------------------------------------------------------------------------------------------------
Ile ATT   0   0   0   0   0   0 | Thr ACT   0   0   0   0   0   0 | Asn AAT   0   0   0   0   0   0 | Ser AGT   0   0   0   0   0   0
    ATC   0   0   0   0   0   0 |     ACC   0   0   0   0   0   0 |     AAC   0   0   0   0   0   0 |     AGC   0   0   0   0   0   0
    ATA   0   0   0   0   0   0 |     ACA   0   0   0   0   0   0 | Lys AAA   0   0   0   0   0   0 | Arg AGA   0   0   0   0   0   0
Met ATG   0   0   0   0   0   0 |     ACG   0   0   0   0   0   0 |     AAG   0   0   1   0   0   0 |     AGG   0   0   0   0   0   0
--------------------------------------------------------------------------------------------------------------------------------------
Val GTT   0   0   0   0   0   0 | Ala GCT   0   0   0   0   0   0 | Asp GAT   0   0   0   0   0   0 | Gly GGT   0   0   0   0   0   0
    GTC   0   0   0   0   0   0 |     GCC   0   0   0   0   0   0 |     GAC   0   0   0   0   0   0 |     GGC   1   1   1   1   1   1
    GTA   0   0   0   0   0   0 |     GCA   0   0   0   0   0   0 | Glu GAA   0   0   0   0   0   0 |     GGA   0   0   0   0   0   0
    GTG   1   0   1   1   1   0 |     GCG   0   0   0   0   0   0 |     GAG   1   2   0   1   1   2 |     GGG   0   0   0   0   0   0
--------------------------------------------------------------------------------------------------------------------------------------

--------------------------------------------------------------------------------------------------------------------------------------
Phe TTT   0   0   0   0   0   0 | Ser TCT   0   0   0   0   0   0 | Tyr TAT   0   0   0   0   0   0 | Cys TGT   0   0   0   0   0   0
    TTC   0   0   0   0   0   0 |     TCC   0   0   0   0   0   0 |     TAC   0   0   0   0   0   0 |     TGC   0   0   0   0   0   0
Leu TTA   0   0   0   0   0   0 |     TCA   0   0   0   0   0   0 | *** TAA   0   0   0   0   0   0 | *** TGA   0   0   0   0   0   0
    TTG   0   0   0   0   0   0 |     TCG   0   0   0   0   0   0 |     TAG   0   0   0   0   0   0 | Trp TGG   0   0   0   0   0   0
--------------------------------------------------------------------------------------------------------------------------------------
Leu CTT   0   0   0   0   0   0 | Pro CCT   0   0   0   0   0   0 | His CAT   0   0   0   0   0   0 | Arg CGT   0   0   0   0   0   0
    CTC   0   0   0   0   0   0 |     CCC   0   0   0   0   0   0 |     CAC   0   0   0   0   0   0 |     CGC   1   1   0   1   1   1
    CTA   0   0   0   0   0   0 |     CCA   0   0   0   0   0   0 | Gln CAA   0   0   0   0   0   0 |     CGA   0   0   0   0   0   0
    CTG   0   0   0   0   0   0 |     CCG   1   0   1   1   1   0 |     CAG   0   1   1   0   0   1 |     CGG   0   0   0   0   0   0
--------------------------------------------------------------------------------------------------------------------------------------
Ile ATT   0   0   0   0   0   0 | Thr ACT   0   0   0   0   0   0 | Asn AAT   0   0   0   0   0   0 | Ser AGT   0   0   0   0   0   0
    ATC   0   0   0   0   0   0 |     ACC   0   0   0   0   0   0 |     AAC   0   0   0   0   0   0 |     AGC   0   0   0   0   0   0
    ATA   0   0   0   0   0   0 |     ACA   0   0   0   0   0   0 | Lys AAA   0   0   0   0   0   0 | Arg AGA   0   0   0   0   0   0
Met ATG   0   0   0   0   0   0 |     ACG   0   0   0   0   0   0 |     AAG   0   0   0   0   0   0 |     AGG   0   0   0   0   0   0
--------------------------------------------------------------------------------------------------------------------------------------
Val GTT   0   0   0   0   0   0 | Ala GCT   0   0   0   0   0   0 | Asp GAT   0   0   0   0   0   0 | Gly GGT   0   0   0   0   0   0
    GTC   0   0   0   0   0   0 |     GCC   0   0   0   0   0   0 |     GAC   0   0   0   0   0   0 |     GGC   1   1   1   1   1   1
    GTA   0   0   0   0   0   0 |     GCA   0   0   0   0   0   0 | Glu GAA   0   0   0   0   0   0 |     GGA   0   0   0   0   0   0
    GTG   1   1   1   0   1   1 |     GCG   0   0   0   0   0   0 |     GAG   1   1   1   2   1   1 |     GGG   0   0   0   0   0   0
--------------------------------------------------------------------------------------------------------------------------------------

--------------------------------------------------------------------------------------------------------------------------------------
Phe TTT   0   0   0   0   0   0 | Ser TCT   0   0   0   0   0   0 | Tyr TAT   0   0   0   0   0   0 | Cys TGT   0   0   0   0   0   0
    TTC   0   0   0   0   0   0 |     TCC   0   0   0   0   0   0 |     TAC   0   0   0   0   0   0 |     TGC   0   0   0   0   0   0
Leu TTA   0   0   0   0   0   0 |     TCA   0   0   0   0   0   0 | *** TAA   0   0   0   0   0   0 | *** TGA   0   0   0   0   0   0
    TTG   0   0   0   0   0   0 |     TCG   0   0   0   0   0   0 |     TAG   0   0   0   0   0   0 | Trp TGG   0   0   0   0   0   0
--------------------------------------------------------------------------------------------------------------------------------------
Leu CTT   0   0   0   0   0   0 | Pro CCT   0   0   0   0   0   0 | His CAT   0   0   0   0   0   0 | Arg CGT   0   0   0   0   0   0
    CTC   0   0   0   0   0   0 |     CCC   0   0   0   0   0   0 |     CAC   0   0   0   0   0   0 |     CGC   1   1   0   1   1   1
    CTA   0   0   0   0   0   0 |     CCA   0   0   0   0   0   0 | Gln CAA   0   0   0   0   0   0 |     CGA   0   0   0   0   0   0
    CTG   0   0   0   0   0   0 |     CCG   0   0   0   0   0   0 |     CAG   1   1   0   1   1   1 |     CGG   0   0   0   0   0   0
--------------------------------------------------------------------------------------------------------------------------------------
Ile ATT   0   0   0   0   0   0 | Thr ACT   0   0   0   0   0   0 | Asn AAT   0   0   0   0   0   0 | Ser AGT   0   0   0   0   0   0
    ATC   0   0   0   0   0   0 |     ACC   0   0   0   0   0   0 |     AAC   0   0   0   0   0   0 |     AGC   0   0   0   0   0   0
    ATA   0   0   0   0   0   0 |     ACA   0   0   0   0   0   0 | Lys AAA   0   0   0   0   0   0 | Arg AGA   0   0   0   0   0   0
Met ATG   0   0   0   0   0   0 |     ACG   0   0   0   0   0   0 |     AAG   0   0   0   0   0   0 |     AGG   0   0   0   0   0   0
--------------------------------------------------------------------------------------------------------------------------------------
Val GTT   0   0   0   0   0   0 | Ala GCT   0   0   0   0   0   0 | Asp GAT   0   0   0   0   0   0 | Gly GGT   0   0   0   0   0   0
    GTC   0   0   0   0   0   0 |     GCC   0   0   0   0   0   0 |     GAC   0   0   0   0   0   0 |     GGC   1   1   1   1   1   1
    GTA   0   0   0   0   0   0 |     GCA   0   0   0   0   0   0 | Glu GAA   0   0   0   0   0   0 |     GGA   0   0   0   0   0   0
    GTG   1   1   1   1   1   1 |     GCG   0   0   0   0   0   0 |     GAG   1   1   1   1   1   1 |     GGG   0   0   0   0   0   0
--------------------------------------------------------------------------------------------------------------------------------------

--------------------------------------------------------------------------------------------------------------------------------------
Phe TTT   0   0   0   0   0   0 | Ser TCT   0   0   0   0   0   0 | Tyr TAT   0   0   0   0   0   0 | Cys TGT   0   0   0   0   0   0
    TTC   0   0   0   0   0   0 |     TCC   0   0   0   0   0   0 |     TAC   0   0   0   0   0   0 |     TGC   0   0   0   0   0   0
Leu TTA   0   0   0   0   0   0 |     TCA   0   0   0   0   0   0 | *** TAA   0   0   0   0   0   0 | *** TGA   0   0   0   0   0   0
    TTG   0   0   0   1   0   0 |     TCG   0   0   0   0   0   0 |     TAG   0   0   0   0   0   0 | Trp TGG   0   0   0   0   0   0
--------------------------------------------------------------------------------------------------------------------------------------
Leu CTT   0   0   0   0   0   0 | Pro CCT   0   0   0   0   0   0 | His CAT   0   0   0   0   0   0 | Arg CGT   0   0   0   0   0   0
    CTC   0   0   0   0   0   0 |     CCC   0   0   0   0   0   0 |     CAC   0   0   0   0   0   0 |     CGC   1   1   1   1   1   1
    CTA   0   0   0   0   0   0 |     CCA   0   0   0   0   0   0 | Gln CAA   0   0   0   0   0   0 |     CGA   0   0   0   0   0   0
    CTG   0   0   0   0   0   0 |     CCG   0   0   0   0   0   0 |     CAG   1   1   1   1   1   1 |     CGG   0   0   0   0   0   0
--------------------------------------------------------------------------------------------------------------------------------------
Ile ATT   0   0   0   0   0   0 | Thr ACT   0   0   0   0   0   0 | Asn AAT   0   0   0   0   0   0 | Ser AGT   0   0   0   0   0   0
    ATC   0   0   0   0   0   0 |     ACC   0   0   0   0   0   0 |     AAC   0   0   0   0   0   0 |     AGC   0   0   0   0   0   0
    ATA   0   0   0   0   0   0 |     ACA   0   0   0   0   0   0 | Lys AAA   0   0   0   0   0   0 | Arg AGA   0   0   0   0   0   0
Met ATG   0   0   0   0   0   0 |     ACG   0   0   0   0   0   0 |     AAG   0   0   0   0   0   0 |     AGG   0   0   0   0   0   0
--------------------------------------------------------------------------------------------------------------------------------------
Val GTT   0   0   0   0   0   0 | Ala GCT   0   0   0   0   0   0 | Asp GAT   0   0   0   0   0   0 | Gly GGT   0   0   0   0   0   0
    GTC   0   0   0   0   0   0 |     GCC   0   0   0   0   0   0 |     GAC   0   0   0   0   0   0 |     GGC   1   1   1   1   1   1
    GTA   0   0   0   0   0   0 |     GCA   0   0   0   0   0   0 | Glu GAA   0   0   0   0   0   0 |     GGA   0   0   0   0   0   0
    GTG   1   1   1   0   1   1 |     GCG   0   0   0   0   0   0 |     GAG   1   1   1   1   1   1 |     GGG   0   0   0   0   0   0
--------------------------------------------------------------------------------------------------------------------------------------

--------------------------------------------------------------------------------------------------------------------------------------
Phe TTT   0   0   0   0   0   0 | Ser TCT   0   0   0   0   0   0 | Tyr TAT   0   0   0   0   0   0 | Cys TGT   0   0   0   0   0   0
    TTC   0   0   0   0   0   0 |     TCC   0   0   0   0   0   0 |     TAC   0   0   0   0   0   0 |     TGC   0   0   0   0   0   0
Leu TTA   0   0   0   0   0   0 |     TCA   0   0   0   0   0   0 | *** TAA   0   0   0   0   0   0 | *** TGA   0   0   0   0   0   0
    TTG   0   1   0   0   0   0 |     TCG   0   0   0   0   0   0 |     TAG   0   0   0   0   0   0 | Trp TGG   0   0   0   0   0   0
--------------------------------------------------------------------------------------------------------------------------------------
Leu CTT   0   0   0   0   0   0 | Pro CCT   0   0   0   0   0   0 | His CAT   0   0   0   0   0   0 | Arg CGT   0   0   0   0   0   0
    CTC   0   0   0   0   0   0 |     CCC   0   0   0   0   0   0 |     CAC   0   0   0   0   0   0 |     CGC   1   1   1   1   1   1
    CTA   0   0   0   0   0   0 |     CCA   0   0   0   0   0   0 | Gln CAA   0   0   0   0   0   0 |     CGA   0   0   0   0   0   0
    CTG   0   0   0   0   0   0 |     CCG   0   0   0   0   0   0 |     CAG   1   1   1   1   1   1 |     CGG   0   0   0   0   0   0
--------------------------------------------------------------------------------------------------------------------------------------
Ile ATT   0   0   0   0   0   0 | Thr ACT   0   0   0   0   0   0 | Asn AAT   0   0   0   0   0   0 | Ser AGT   0   0   0   0   0   0
    ATC   0   0   0   0   0   0 |     ACC   0   0   0   0   0   0 |     AAC   0   0   0   0   0   0 |     AGC   0   0   0   0   0   0
    ATA   0   0   0   0   0   0 |     ACA   0   0   0   0   0   0 | Lys AAA   0   0   0   0   0   0 | Arg AGA   0   0   0   0   0   0
Met ATG   0   0   0   0   0   0 |     ACG   0   0   0   0   0   0 |     AAG   0   0   0   0   0   0 |     AGG   0   0   0   0   0   0
--------------------------------------------------------------------------------------------------------------------------------------
Val GTT   0   0   0   0   0   0 | Ala GCT   0   0   0   0   0   0 | Asp GAT   0   0   0   0   0   0 | Gly GGT   0   0   0   0   0   0
    GTC   0   0   0   0   0   0 |     GCC   0   0   0   0   0   0 |     GAC   0   0   0   0   0   0 |     GGC   1   1   1   1   1   1
    GTA   0   0   0   0   0   0 |     GCA   0   0   0   0   0   0 | Glu GAA   0   0   0   0   0   0 |     GGA   0   0   0   0   0   0
    GTG   1   0   1   1   1   0 |     GCG   0   0   0   0   0   0 |     GAG   1   1   1   1   1   1 |     GGG   0   0   0   0   0   0
--------------------------------------------------------------------------------------------------------------------------------------

--------------------------------------------------------------------------------------------------------------------------------------
Phe TTT   0   0   0   0   0   0 | Ser TCT   0   0   0   0   0   0 | Tyr TAT   0   0   0   0   0   0 | Cys TGT   0   0   0   0   0   0
    TTC   0   0   0   0   0   0 |     TCC   0   0   0   0   0   0 |     TAC   0   0   0   0   0   0 |     TGC   0   0   0   0   0   0
Leu TTA   0   0   0   0   0   0 |     TCA   0   0   0   0   0   0 | *** TAA   0   0   0   0   0   0 | *** TGA   0   0   0   0   0   0
    TTG   0   0   0   1   0   0 |     TCG   0   0   0   0   0   0 |     TAG   0   0   0   0   0   0 | Trp TGG   0   0   0   0   0   0
--------------------------------------------------------------------------------------------------------------------------------------
Leu CTT   0   0   0   0   0   0 | Pro CCT   0   0   0   0   0   0 | His CAT   0   0   0   0   0   0 | Arg CGT   0   0   0   1   0   0
    CTC   0   0   0   0   0   0 |     CCC   0   0   0   0   0   0 |     CAC   0   0   0   0   0   0 |     CGC   1   1   1   0   1   1
    CTA   0   0   0   0   0   0 |     CCA   0   0   0   0   0   0 | Gln CAA   0   0   0   0   0   0 |     CGA   0   0   0   0   0   0
    CTG   0   0   0   0   0   0 |     CCG   0   0   0   0   0   0 |     CAG   1   1   1   1   1   1 |     CGG   0   0   0   0   0   0
--------------------------------------------------------------------------------------------------------------------------------------
Ile ATT   0   0   0   0   0   0 | Thr ACT   0   0   0   0   0   0 | Asn AAT   0   0   0   0   0   0 | Ser AGT   0   0   0   0   0   0
    ATC   0   0   0   0   0   0 |     ACC   0   0   0   0   0   0 |     AAC   0   0   0   0   0   0 |     AGC   0   0   0   0   0   0
    ATA   0   0   0   0   0   0 |     ACA   0   0   0   0   0   0 | Lys AAA   0   0   0   0   0   0 | Arg AGA   0   0   0   0   0   0
Met ATG   0   0   0   0   0   0 |     ACG   0   0   0   0   0   0 |     AAG   0   0   0   0   0   0 |     AGG   0   0   0   0   0   0
--------------------------------------------------------------------------------------------------------------------------------------
Val GTT   0   0   0   0   0   0 | Ala GCT   0   0   0   0   0   0 | Asp GAT   0   0   0   0   0   0 | Gly GGT   0   0   0   0   0   0
    GTC   0   0   0   0   0   0 |     GCC   0   0   0   0   0   0 |     GAC   0   0   0   0   0   0 |     GGC   1   1   1   1   1   1
    GTA   0   0   0   0   0   0 |     GCA   0   0   0   0   0   0 | Glu GAA   0   0   0   0   0   0 |     GGA   0   0   0   0   0   0
    GTG   1   1   1   0   1   1 |     GCG   0   0   0   0   0   0 |     GAG   1   1   1   1   1   1 |     GGG   0   0   0   0   0   0
--------------------------------------------------------------------------------------------------------------------------------------

------------------------------------------------------------------------------------------------------
Phe TTT   0   0   0   0 | Ser TCT   0   0   0   0 | Tyr TAT   0   0   0   0 | Cys TGT   0   0   0   0
    TTC   0   0   0   0 |     TCC   0   0   0   0 |     TAC   0   0   0   0 |     TGC   0   0   0   0
Leu TTA   0   0   0   0 |     TCA   0   0   0   0 | *** TAA   0   0   0   0 | *** TGA   0   0   0   0
    TTG   0   0   0   0 |     TCG   0   0   0   0 |     TAG   0   0   0   0 | Trp TGG   0   0   0   0
------------------------------------------------------------------------------------------------------
Leu CTT   0   0   0   0 | Pro CCT   0   0   0   0 | His CAT   0   0   0   0 | Arg CGT   0   0   0   0
    CTC   0   0   0   0 |     CCC   0   0   0   0 |     CAC   0   0   0   0 |     CGC   1   1   1   1
    CTA   0   0   0   0 |     CCA   0   0   0   0 | Gln CAA   0   0   0   0 |     CGA   0   0   0   0
    CTG   0   0   0   0 |     CCG   0   0   0   0 |     CAG   1   1   1   1 |     CGG   0   0   0   0
------------------------------------------------------------------------------------------------------
Ile ATT   0   0   0   0 | Thr ACT   0   0   0   0 | Asn AAT   0   0   0   0 | Ser AGT   0   0   0   0
    ATC   0   0   0   0 |     ACC   0   0   0   0 |     AAC   0   0   0   0 |     AGC   0   0   0   0
    ATA   0   0   0   0 |     ACA   0   0   0   0 | Lys AAA   0   0   0   0 | Arg AGA   0   0   0   0
Met ATG   0   0   0   0 |     ACG   0   0   0   0 |     AAG   0   0   0   0 |     AGG   0   0   0   0
------------------------------------------------------------------------------------------------------
Val GTT   0   0   0   0 | Ala GCT   0   0   0   0 | Asp GAT   0   0   0   0 | Gly GGT   0   0   0   0
    GTC   0   0   0   0 |     GCC   0   0   0   0 |     GAC   0   0   0   0 |     GGC   1   1   1   1
    GTA   0   0   0   0 |     GCA   0   0   0   0 | Glu GAA   0   0   0   0 |     GGA   0   0   0   0
    GTG   1   1   1   1 |     GCG   0   0   0   0 |     GAG   1   1   1   1 |     GGG   0   0   0   0
------------------------------------------------------------------------------------------------------

Codon position x base (3x4) table for each sequence.

#1: Tragelaphus_angasii_unit1
position  1:    T:0.00000    C:0.40000    A:0.00000    G:0.60000
position  2:    T:0.20000    C:0.20000    A:0.40000    G:0.20000
position  3:    T:0.00000    C:0.20000    A:0.00000    G:0.80000
Average         T:0.06667    C:0.26667    A:0.13333    G:0.53333

#2: Tragelaphus_angasii_unit2
position  1:    T:0.00000    C:0.40000    A:0.00000    G:0.60000
position  2:    T:0.00000    C:0.20000    A:0.40000    G:0.40000
position  3:    T:0.00000    C:0.40000    A:0.00000    G:0.60000
Average         T:0.00000    C:0.33333    A:0.13333    G:0.53333

#3: Tragelaphus_angasii_unit3
position  1:    T:0.00000    C:0.40000    A:0.20000    G:0.40000
position  2:    T:0.20000    C:0.20000    A:0.20000    G:0.40000
position  3:    T:0.00000    C:0.40000    A:0.00000    G:0.60000
Average         T:0.06667    C:0.33333    A:0.13333    G:0.46667

#4: Tragelaphus_angasii_unit4
position  1:    T:0.00000    C:0.40000    A:0.00000    G:0.60000
position  2:    T:0.20000    C:0.00000    A:0.40000    G:0.40000
position  3:    T:0.00000    C:0.40000    A:0.00000    G:0.60000
Average         T:0.06667    C:0.26667    A:0.13333    G:0.53333

#5: Tragelaphus_oryx_unit1
position  1:    T:0.00000    C:0.40000    A:0.00000    G:0.60000
position  2:    T:0.20000    C:0.20000    A:0.40000    G:0.20000
position  3:    T:0.00000    C:0.20000    A:0.00000    G:0.80000
Average         T:0.06667    C:0.26667    A:0.13333    G:0.53333

#6: Tragelaphus_oryx_unit2
position  1:    T:0.00000    C:0.40000    A:0.00000    G:0.60000
position  2:    T:0.00000    C:0.20000    A:0.40000    G:0.40000
position  3:    T:0.00000    C:0.40000    A:0.00000    G:0.60000
Average         T:0.00000    C:0.33333    A:0.13333    G:0.53333

#7: Tragelaphus_oryx_unit3
position  1:    T:0.00000    C:0.40000    A:0.00000    G:0.60000
position  2:    T:0.20000    C:0.20000    A:0.20000    G:0.40000
position  3:    T:0.00000    C:0.40000    A:0.00000    G:0.60000
Average         T:0.06667    C:0.33333    A:0.06667    G:0.53333

#8: Tragelaphus_oryx_unit4
position  1:    T:0.00000    C:0.40000    A:0.00000    G:0.60000
position  2:    T:0.20000    C:0.00000    A:0.40000    G:0.40000
position  3:    T:0.00000    C:0.40000    A:0.00000    G:0.60000
Average         T:0.06667    C:0.26667    A:0.13333    G:0.53333

#9: Tragelaphus_imberbis_unit1
position  1:    T:0.00000    C:0.40000    A:0.00000    G:0.60000
position  2:    T:0.20000    C:0.20000    A:0.40000    G:0.20000
position  3:    T:0.00000    C:0.20000    A:0.00000    G:0.80000
Average         T:0.06667    C:0.26667    A:0.13333    G:0.53333

#10: Tragelaphus_imberbis_unit2
position  1:    T:0.00000    C:0.40000    A:0.00000    G:0.60000
position  2:    T:0.00000    C:0.20000    A:0.40000    G:0.40000
position  3:    T:0.00000    C:0.40000    A:0.00000    G:0.60000
Average         T:0.00000    C:0.33333    A:0.13333    G:0.53333

#11: Tragelaphus_imberbis_unit3
position  1:    T:0.00000    C:0.40000    A:0.00000    G:0.60000
position  2:    T:0.20000    C:0.20000    A:0.20000    G:0.40000
position  3:    T:0.00000    C:0.40000    A:0.00000    G:0.60000
Average         T:0.06667    C:0.33333    A:0.06667    G:0.53333

#12: Tragelaphus_imberbis_unit4
position  1:    T:0.00000    C:0.40000    A:0.00000    G:0.60000
position  2:    T:0.20000    C:0.00000    A:0.40000    G:0.40000
position  3:    T:0.00000    C:0.40000    A:0.00000    G:0.60000
Average         T:0.06667    C:0.26667    A:0.13333    G:0.53333

#13: Bison_bonasus_unit1
position  1:    T:0.00000    C:0.40000    A:0.00000    G:0.60000
position  2:    T:0.20000    C:0.00000    A:0.40000    G:0.40000
position  3:    T:0.00000    C:0.40000    A:0.00000    G:0.60000
Average         T:0.06667    C:0.26667    A:0.13333    G:0.53333

#14: Bison_bonasus_unit2
position  1:    T:0.00000    C:0.40000    A:0.00000    G:0.60000
position  2:    T:0.20000    C:0.00000    A:0.40000    G:0.40000
position  3:    T:0.00000    C:0.40000    A:0.00000    G:0.60000
Average         T:0.06667    C:0.26667    A:0.13333    G:0.53333

#15: Bison_bonasus_unit3
position  1:    T:0.00000    C:0.00000    A:0.00000    G:1.00000
position  2:    T:0.33333    C:0.00000    A:0.33333    G:0.33333
position  3:    T:0.00000    C:0.33333    A:0.00000    G:0.66667
Average         T:0.11111    C:0.11111    A:0.11111    G:0.66667

#16: Bison_bonasus_unit4
position  1:    T:0.00000    C:0.40000    A:0.00000    G:0.60000
position  2:    T:0.20000    C:0.00000    A:0.40000    G:0.40000
position  3:    T:0.00000    C:0.40000    A:0.00000    G:0.60000
Average         T:0.06667    C:0.26667    A:0.13333    G:0.53333

#17: Bos_gaurus_unit1
position  1:    T:0.00000    C:0.40000    A:0.00000    G:0.60000
position  2:    T:0.20000    C:0.00000    A:0.40000    G:0.40000
position  3:    T:0.00000    C:0.40000    A:0.00000    G:0.60000
Average         T:0.06667    C:0.26667    A:0.13333    G:0.53333

#18: Bos_gaurus_unit3
position  1:    T:0.00000    C:0.40000    A:0.00000    G:0.60000
position  2:    T:0.20000    C:0.00000    A:0.40000    G:0.40000
position  3:    T:0.00000    C:0.40000    A:0.00000    G:0.60000
Average         T:0.06667    C:0.26667    A:0.13333    G:0.53333

#19: Bos_gaurus_unit2
position  1:    T:0.00000    C:0.40000    A:0.00000    G:0.60000
position  2:    T:0.20000    C:0.00000    A:0.40000    G:0.40000
position  3:    T:0.00000    C:0.40000    A:0.00000    G:0.60000
Average         T:0.06667    C:0.26667    A:0.13333    G:0.53333

#20: Bos_gaurus_unit4
position  1:    T:0.00000    C:0.40000    A:0.00000    G:0.60000
position  2:    T:0.20000    C:0.00000    A:0.40000    G:0.40000
position  3:    T:0.00000    C:0.40000    A:0.00000    G:0.60000
Average         T:0.06667    C:0.26667    A:0.13333    G:0.53333

#21: Bos_primagenius_unit1
position  1:    T:0.00000    C:0.40000    A:0.00000    G:0.60000
position  2:    T:0.20000    C:0.00000    A:0.40000    G:0.40000
position  3:    T:0.00000    C:0.40000    A:0.00000    G:0.60000
Average         T:0.06667    C:0.26667    A:0.13333    G:0.53333

#22: Bos_primagenius_unit2
position  1:    T:0.20000    C:0.40000    A:0.00000    G:0.40000
position  2:    T:0.20000    C:0.00000    A:0.40000    G:0.40000
position  3:    T:0.00000    C:0.40000    A:0.00000    G:0.60000
Average         T:0.13333    C:0.26667    A:0.13333    G:0.46667

#23: Bos_primagenius_unit3
position  1:    T:0.00000    C:0.40000    A:0.00000    G:0.60000
position  2:    T:0.20000    C:0.00000    A:0.40000    G:0.40000
position  3:    T:0.00000    C:0.40000    A:0.00000    G:0.60000
Average         T:0.06667    C:0.26667    A:0.13333    G:0.53333

#24: Bos_primagenius_unit4
position  1:    T:0.00000    C:0.40000    A:0.00000    G:0.60000
position  2:    T:0.20000    C:0.00000    A:0.40000    G:0.40000
position  3:    T:0.00000    C:0.40000    A:0.00000    G:0.60000
Average         T:0.06667    C:0.26667    A:0.13333    G:0.53333

#25: Bos_javanicus_unit1
position  1:    T:0.00000    C:0.40000    A:0.00000    G:0.60000
position  2:    T:0.20000    C:0.00000    A:0.40000    G:0.40000
position  3:    T:0.00000    C:0.40000    A:0.00000    G:0.60000
Average         T:0.06667    C:0.26667    A:0.13333    G:0.53333

#26: Bos_javanicus_unit2
position  1:    T:0.20000    C:0.40000    A:0.00000    G:0.40000
position  2:    T:0.20000    C:0.00000    A:0.40000    G:0.40000
position  3:    T:0.00000    C:0.40000    A:0.00000    G:0.60000
Average         T:0.13333    C:0.26667    A:0.13333    G:0.46667

#27: Bos_javanicus_unit3
position  1:    T:0.00000    C:0.40000    A:0.00000    G:0.60000
position  2:    T:0.20000    C:0.00000    A:0.40000    G:0.40000
position  3:    T:0.00000    C:0.40000    A:0.00000    G:0.60000
Average         T:0.06667    C:0.26667    A:0.13333    G:0.53333

#28: Bos_javanicus_unit4
position  1:    T:0.00000    C:0.40000    A:0.00000    G:0.60000
position  2:    T:0.20000    C:0.00000    A:0.40000    G:0.40000
position  3:    T:0.00000    C:0.40000    A:0.00000    G:0.60000
Average         T:0.06667    C:0.26667    A:0.13333    G:0.53333

#29: Bison_bison_unit1
position  1:    T:0.00000    C:0.40000    A:0.00000    G:0.60000
position  2:    T:0.20000    C:0.00000    A:0.40000    G:0.40000
position  3:    T:0.00000    C:0.40000    A:0.00000    G:0.60000
Average         T:0.06667    C:0.26667    A:0.13333    G:0.53333

#30: Bison_bison_unit2
position  1:    T:0.00000    C:0.50000    A:0.00000    G:0.50000
position  2:    T:0.00000    C:0.00000    A:0.50000    G:0.50000
position  3:    T:0.00000    C:0.50000    A:0.00000    G:0.50000
Average         T:0.00000    C:0.33333    A:0.16667    G:0.50000

#31: Bison_bison_unit3
position  1:    T:0.00000    C:0.40000    A:0.00000    G:0.60000
position  2:    T:0.20000    C:0.00000    A:0.40000    G:0.40000
position  3:    T:0.00000    C:0.40000    A:0.00000    G:0.60000
Average         T:0.06667    C:0.26667    A:0.13333    G:0.53333

#32: Bison_bison_unit4
position  1:    T:0.00000    C:0.40000    A:0.00000    G:0.60000
position  2:    T:0.20000    C:0.00000    A:0.40000    G:0.40000
position  3:    T:0.00000    C:0.40000    A:0.00000    G:0.60000
Average         T:0.06667    C:0.26667    A:0.13333    G:0.53333

#33: Bos_grunniens_unit1
position  1:    T:0.00000    C:0.40000    A:0.00000    G:0.60000
position  2:    T:0.20000    C:0.00000    A:0.40000    G:0.40000
position  3:    T:0.00000    C:0.40000    A:0.00000    G:0.60000
Average         T:0.06667    C:0.26667    A:0.13333    G:0.53333

#34: Bos_grunniens_unit2
position  1:    T:0.20000    C:0.40000    A:0.00000    G:0.40000
position  2:    T:0.20000    C:0.00000    A:0.40000    G:0.40000
position  3:    T:0.20000    C:0.20000    A:0.00000    G:0.60000
Average         T:0.20000    C:0.20000    A:0.13333    G:0.46667

#35: Bos_grunniens_unit3
position  1:    T:0.00000    C:0.40000    A:0.00000    G:0.60000
position  2:    T:0.20000    C:0.00000    A:0.40000    G:0.40000
position  3:    T:0.00000    C:0.40000    A:0.00000    G:0.60000
Average         T:0.06667    C:0.26667    A:0.13333    G:0.53333

#36: Bos_grunniens_unit4
position  1:    T:0.00000    C:0.40000    A:0.00000    G:0.60000
position  2:    T:0.20000    C:0.00000    A:0.40000    G:0.40000
position  3:    T:0.00000    C:0.40000    A:0.00000    G:0.60000
Average         T:0.06667    C:0.26667    A:0.13333    G:0.53333

#37: Bubalus_bubalis_unit1
position  1:    T:0.00000    C:0.40000    A:0.00000    G:0.60000
position  2:    T:0.20000    C:0.00000    A:0.40000    G:0.40000
position  3:    T:0.00000    C:0.40000    A:0.00000    G:0.60000
Average         T:0.06667    C:0.26667    A:0.13333    G:0.53333

#38: Bubalus_bubalis_unit4
position  1:    T:0.00000    C:0.40000    A:0.00000    G:0.60000
position  2:    T:0.20000    C:0.00000    A:0.40000    G:0.40000
position  3:    T:0.00000    C:0.40000    A:0.00000    G:0.60000
Average         T:0.06667    C:0.26667    A:0.13333    G:0.53333

#39: Syncerus_caffer_unit1
position  1:    T:0.00000    C:0.40000    A:0.00000    G:0.60000
position  2:    T:0.20000    C:0.00000    A:0.40000    G:0.40000
position  3:    T:0.00000    C:0.40000    A:0.00000    G:0.60000
Average         T:0.06667    C:0.26667    A:0.13333    G:0.53333

#40: Syncerus_caffer_unit4
position  1:    T:0.00000    C:0.40000    A:0.00000    G:0.60000
position  2:    T:0.20000    C:0.00000    A:0.40000    G:0.40000
position  3:    T:0.00000    C:0.40000    A:0.00000    G:0.60000
Average         T:0.06667    C:0.26667    A:0.13333    G:0.53333

Sums of codon usage counts
------------------------------------------------------------------------------
Phe F TTT       0 | Ser S TCT       0 | Tyr Y TAT       0 | Cys C TGT       0
      TTC       0 |       TCC       0 |       TAC       0 |       TGC       0
Leu L TTA       0 |       TCA       0 | *** * TAA       0 | *** * TGA       0
      TTG       3 |       TCG       0 |       TAG       0 | Trp W TGG       0
------------------------------------------------------------------------------
Leu L CTT       0 | Pro P CCT       0 | His H CAT       0 | Arg R CGT       1
      CTC       0 |       CCC       0 |       CAC       0 |       CGC      35
      CTA       0 |       CCA       0 | Gln Q CAA       0 |       CGA       0
      CTG       0 |       CCG       9 |       CAG      33 |       CGG       0
------------------------------------------------------------------------------
Ile I ATT       0 | Thr T ACT       0 | Asn N AAT       0 | Ser S AGT       0
      ATC       0 |       ACC       0 |       AAC       0 |       AGC       0
      ATA       0 |       ACA       0 | Lys K AAA       0 | Arg R AGA       0
Met M ATG       0 |       ACG       0 |       AAG       1 |       AGG       0
------------------------------------------------------------------------------
Val V GTT       0 | Ala A GCT       0 | Asp D GAT       0 | Gly G GGT       0
      GTC       0 |       GCC       0 |       GAC       0 |       GGC      40
      GTA       0 |       GCA       0 | Glu E GAA       0 |       GGA       0
      GTG      33 |       GCG       0 |       GAG      42 |       GGG       0
------------------------------------------------------------------------------

(Ambiguity data are not used in the counts.)


Codon position x base (3x4) table, overall

position  1:    T:0.01523    C:0.39594    A:0.00508    G:0.58376
position  2:    T:0.18274    C:0.04569    A:0.38579    G:0.38579
position  3:    T:0.00508    C:0.38071    A:0.00000    G:0.61421
Average         T:0.06768    C:0.27411    A:0.13029    G:0.52792

Codon frequencies under model, for use in evolver (TTT TTC TTA TTG ... GGG):
  0.00000000  0.00000000  0.00000000  0.01541667
  0.00000000  0.00000000  0.00000000  0.00000000
  0.00000000  0.00000000  0.00000000  0.00000000
  0.00000000  0.00000000  0.00000000  0.00000000
  0.00000000  0.00000000  0.00000000  0.00000000
  0.00000000  0.00000000  0.00000000  0.04500000
  0.00000000  0.00000000  0.00000000  0.17000000
  0.00500000  0.18000000  0.00000000  0.00000000
  0.00000000  0.00000000  0.00000000  0.00000000
  0.00000000  0.00000000  0.00000000  0.00000000
  0.00000000  0.00000000  0.00000000  0.00500000
  0.00000000  0.00000000  0.00000000  0.00000000
  0.00000000  0.00000000  0.00000000  0.16958333
  0.00000000  0.00000000  0.00000000  0.00000000
  0.00000000  0.00000000  0.00000000  0.21000000
  0.00000000  0.20000000  0.00000000  0.00000000



Nei & Gojobori 1986. dN/dS (dN, dS)
(Pairwise deletion)
(Note: This matrix is not used in later ML. analysis.
Use runmode = -2 for ML pairwise comparison.)

Tragelaphus_angasii_unit1
Tragelaphus_angasii_unit2 1.0393 (0.3328 0.3202)
Tragelaphus_angasii_unit3 1.1808 (0.3445 0.2917)-1.0000 (0.2113 0.0000)
Tragelaphus_angasii_unit4 0.2980 (0.0954 0.3202)-1.0000 (0.2047 0.0000)-1.0000 (0.2113 0.0000)
Tragelaphus_oryx_unit1-1.0000 (0.0000 0.0000) 1.0393 (0.3328 0.3202) 1.1808 (0.3445 0.2917) 0.2980 (0.0954 0.3202)
Tragelaphus_oryx_unit2 1.0393 (0.3328 0.3202)-1.0000 (0.0000 0.0000)-1.0000 (0.2113 0.0000)-1.0000 (0.2047 0.0000) 1.0393 (0.3328 0.3202)
Tragelaphus_oryx_unit3 0.7243 (0.2113 0.2917)-1.0000 (0.0982 0.0000)-1.0000 (0.1011 0.0000)-1.0000 (0.0982 0.0000) 0.7243 (0.2113 0.2917)-1.0000 (0.0982 0.0000)
Tragelaphus_oryx_unit4 0.2980 (0.0954 0.3202)-1.0000 (0.2047 0.0000)-1.0000 (0.2113 0.0000)-1.0000 (0.0000 0.0000) 0.2980 (0.0954 0.3202)-1.0000 (0.2047 0.0000)-1.0000 (0.0982 0.0000)
Tragelaphus_imberbis_unit1-1.0000 (0.0000 0.0000) 1.0393 (0.3328 0.3202) 1.1808 (0.3445 0.2917) 0.2980 (0.0954 0.3202)-1.0000 (0.0000 0.0000) 1.0393 (0.3328 0.3202) 0.7243 (0.2113 0.2917) 0.2980 (0.0954 0.3202)
Tragelaphus_imberbis_unit2 1.0393 (0.3328 0.3202)-1.0000 (0.0000 0.0000)-1.0000 (0.2113 0.0000)-1.0000 (0.2047 0.0000) 1.0393 (0.3328 0.3202)-1.0000 (0.0000 0.0000)-1.0000 (0.0982 0.0000)-1.0000 (0.2047 0.0000) 1.0393 (0.3328 0.3202)
Tragelaphus_imberbis_unit3 0.7243 (0.2113 0.2917)-1.0000 (0.0982 0.0000)-1.0000 (0.1011 0.0000)-1.0000 (0.0982 0.0000) 0.7243 (0.2113 0.2917)-1.0000 (0.0982 0.0000)-1.0000 (0.0000 0.0000)-1.0000 (0.0982 0.0000) 0.7243 (0.2113 0.2917)-1.0000 (0.0982 0.0000)
Tragelaphus_imberbis_unit4 0.2980 (0.0954 0.3202)-1.0000 (0.2047 0.0000)-1.0000 (0.2113 0.0000)-1.0000 (0.0000 0.0000) 0.2980 (0.0954 0.3202)-1.0000 (0.2047 0.0000)-1.0000 (0.0982 0.0000)-1.0000 (0.0000 0.0000) 0.2980 (0.0954 0.3202)-1.0000 (0.2047 0.0000)-1.0000 (0.0982 0.0000)
Bison_bonasus_unit1  0.2980 (0.0954 0.3202)-1.0000 (0.2047 0.0000)-1.0000 (0.2113 0.0000)-1.0000 (0.0000 0.0000) 0.2980 (0.0954 0.3202)-1.0000 (0.2047 0.0000)-1.0000 (0.0982 0.0000)-1.0000 (0.0000 0.0000) 0.2980 (0.0954 0.3202)-1.0000 (0.2047 0.0000)-1.0000 (0.0982 0.0000)-1.0000 (0.0000 0.0000)
Bison_bonasus_unit2  0.2980 (0.0954 0.3202)-1.0000 (0.2047 0.0000)-1.0000 (0.2113 0.0000)-1.0000 (0.0000 0.0000) 0.2980 (0.0954 0.3202)-1.0000 (0.2047 0.0000)-1.0000 (0.0982 0.0000)-1.0000 (0.0000 0.0000) 0.2980 (0.0954 0.3202)-1.0000 (0.2047 0.0000)-1.0000 (0.0982 0.0000)-1.0000 (0.0000 0.0000)-1.0000 (0.0000 0.0000)
Bison_bonasus_unit3 -1.0000 (0.0000 0.0000)-1.0000 (0.1615 0.0000)-1.0000 (0.1699 0.0000)-1.0000 (0.0000 0.0000)-1.0000 (0.0000 0.0000)-1.0000 (0.1615 0.0000)-1.0000 (0.0000 0.0000)-1.0000 (0.0000 0.0000)-1.0000 (0.0000 0.0000)-1.0000 (0.1615 0.0000)-1.0000 (0.0000 0.0000)-1.0000 (0.0000 0.0000)-1.0000 (0.0000 0.0000)-1.0000 (0.0000 0.0000)
Bison_bonasus_unit4  0.2980 (0.0954 0.3202)-1.0000 (0.2047 0.0000)-1.0000 (0.2113 0.0000)-1.0000 (0.0000 0.0000) 0.2980 (0.0954 0.3202)-1.0000 (0.2047 0.0000)-1.0000 (0.0982 0.0000)-1.0000 (0.0000 0.0000) 0.2980 (0.0954 0.3202)-1.0000 (0.2047 0.0000)-1.0000 (0.0982 0.0000)-1.0000 (0.0000 0.0000)-1.0000 (0.0000 0.0000)-1.0000 (0.0000 0.0000)-1.0000 (0.0000 0.0000)
Bos_gaurus_unit1     0.2980 (0.0954 0.3202)-1.0000 (0.2047 0.0000)-1.0000 (0.2113 0.0000)-1.0000 (0.0000 0.0000) 0.2980 (0.0954 0.3202)-1.0000 (0.2047 0.0000)-1.0000 (0.0982 0.0000)-1.0000 (0.0000 0.0000) 0.2980 (0.0954 0.3202)-1.0000 (0.2047 0.0000)-1.0000 (0.0982 0.0000)-1.0000 (0.0000 0.0000)-1.0000 (0.0000 0.0000)-1.0000 (0.0000 0.0000)-1.0000 (0.0000 0.0000)-1.0000 (0.0000 0.0000)
Bos_gaurus_unit3     0.2980 (0.0954 0.3202)-1.0000 (0.2047 0.0000)-1.0000 (0.2113 0.0000)-1.0000 (0.0000 0.0000) 0.2980 (0.0954 0.3202)-1.0000 (0.2047 0.0000)-1.0000 (0.0982 0.0000)-1.0000 (0.0000 0.0000) 0.2980 (0.0954 0.3202)-1.0000 (0.2047 0.0000)-1.0000 (0.0982 0.0000)-1.0000 (0.0000 0.0000)-1.0000 (0.0000 0.0000)-1.0000 (0.0000 0.0000)-1.0000 (0.0000 0.0000)-1.0000 (0.0000 0.0000)-1.0000 (0.0000 0.0000)
Bos_gaurus_unit2     0.2980 (0.0954 0.3202)-1.0000 (0.2047 0.0000)-1.0000 (0.2113 0.0000)-1.0000 (0.0000 0.0000) 0.2980 (0.0954 0.3202)-1.0000 (0.2047 0.0000)-1.0000 (0.0982 0.0000)-1.0000 (0.0000 0.0000) 0.2980 (0.0954 0.3202)-1.0000 (0.2047 0.0000)-1.0000 (0.0982 0.0000)-1.0000 (0.0000 0.0000)-1.0000 (0.0000 0.0000)-1.0000 (0.0000 0.0000)-1.0000 (0.0000 0.0000)-1.0000 (0.0000 0.0000)-1.0000 (0.0000 0.0000)-1.0000 (0.0000 0.0000)
Bos_gaurus_unit4     0.2980 (0.0954 0.3202)-1.0000 (0.2047 0.0000)-1.0000 (0.2113 0.0000)-1.0000 (0.0000 0.0000) 0.2980 (0.0954 0.3202)-1.0000 (0.2047 0.0000)-1.0000 (0.0982 0.0000)-1.0000 (0.0000 0.0000) 0.2980 (0.0954 0.3202)-1.0000 (0.2047 0.0000)-1.0000 (0.0982 0.0000)-1.0000 (0.0000 0.0000)-1.0000 (0.0000 0.0000)-1.0000 (0.0000 0.0000)-1.0000 (0.0000 0.0000)-1.0000 (0.0000 0.0000)-1.0000 (0.0000 0.0000)-1.0000 (0.0000 0.0000)-1.0000 (0.0000 0.0000)
Bos_primagenius_unit1 0.2980 (0.0954 0.3202)-1.0000 (0.2047 0.0000)-1.0000 (0.2113 0.0000)-1.0000 (0.0000 0.0000) 0.2980 (0.0954 0.3202)-1.0000 (0.2047 0.0000)-1.0000 (0.0982 0.0000)-1.0000 (0.0000 0.0000) 0.2980 (0.0954 0.3202)-1.0000 (0.2047 0.0000)-1.0000 (0.0982 0.0000)-1.0000 (0.0000 0.0000)-1.0000 (0.0000 0.0000)-1.0000 (0.0000 0.0000)-1.0000 (0.0000 0.0000)-1.0000 (0.0000 0.0000)-1.0000 (0.0000 0.0000)-1.0000 (0.0000 0.0000)-1.0000 (0.0000 0.0000)-1.0000 (0.0000 0.0000)
Bos_primagenius_unit2 0.6039 (0.2020 0.3345)-1.0000 (0.3279 0.0000)-1.0000 (0.3394 0.0000)-1.0000 (0.0942 0.0000) 0.6039 (0.2020 0.3345)-1.0000 (0.3279 0.0000)-1.0000 (0.2085 0.0000)-1.0000 (0.0942 0.0000) 0.6039 (0.2020 0.3345)-1.0000 (0.3279 0.0000)-1.0000 (0.2085 0.0000)-1.0000 (0.0942 0.0000)-1.0000 (0.0942 0.0000)-1.0000 (0.0942 0.0000)-1.0000 (0.1663 0.0000)-1.0000 (0.0942 0.0000)-1.0000 (0.0942 0.0000)-1.0000 (0.0942 0.0000)-1.0000 (0.0942 0.0000)-1.0000 (0.0942 0.0000)-1.0000 (0.0942 0.0000)
Bos_primagenius_unit3 0.2980 (0.0954 0.3202)-1.0000 (0.2047 0.0000)-1.0000 (0.2113 0.0000)-1.0000 (0.0000 0.0000) 0.2980 (0.0954 0.3202)-1.0000 (0.2047 0.0000)-1.0000 (0.0982 0.0000)-1.0000 (0.0000 0.0000) 0.2980 (0.0954 0.3202)-1.0000 (0.2047 0.0000)-1.0000 (0.0982 0.0000)-1.0000 (0.0000 0.0000)-1.0000 (0.0000 0.0000)-1.0000 (0.0000 0.0000)-1.0000 (0.0000 0.0000)-1.0000 (0.0000 0.0000)-1.0000 (0.0000 0.0000)-1.0000 (0.0000 0.0000)-1.0000 (0.0000 0.0000)-1.0000 (0.0000 0.0000)-1.0000 (0.0000 0.0000)-1.0000 (0.0942 0.0000)
Bos_primagenius_unit4 0.2980 (0.0954 0.3202)-1.0000 (0.2047 0.0000)-1.0000 (0.2113 0.0000)-1.0000 (0.0000 0.0000) 0.2980 (0.0954 0.3202)-1.0000 (0.2047 0.0000)-1.0000 (0.0982 0.0000)-1.0000 (0.0000 0.0000) 0.2980 (0.0954 0.3202)-1.0000 (0.2047 0.0000)-1.0000 (0.0982 0.0000)-1.0000 (0.0000 0.0000)-1.0000 (0.0000 0.0000)-1.0000 (0.0000 0.0000)-1.0000 (0.0000 0.0000)-1.0000 (0.0000 0.0000)-1.0000 (0.0000 0.0000)-1.0000 (0.0000 0.0000)-1.0000 (0.0000 0.0000)-1.0000 (0.0000 0.0000)-1.0000 (0.0000 0.0000)-1.0000 (0.0942 0.0000)-1.0000 (0.0000 0.0000)
Bos_javanicus_unit1  0.2980 (0.0954 0.3202)-1.0000 (0.2047 0.0000)-1.0000 (0.2113 0.0000)-1.0000 (0.0000 0.0000) 0.2980 (0.0954 0.3202)-1.0000 (0.2047 0.0000)-1.0000 (0.0982 0.0000)-1.0000 (0.0000 0.0000) 0.2980 (0.0954 0.3202)-1.0000 (0.2047 0.0000)-1.0000 (0.0982 0.0000)-1.0000 (0.0000 0.0000)-1.0000 (0.0000 0.0000)-1.0000 (0.0000 0.0000)-1.0000 (0.0000 0.0000)-1.0000 (0.0000 0.0000)-1.0000 (0.0000 0.0000)-1.0000 (0.0000 0.0000)-1.0000 (0.0000 0.0000)-1.0000 (0.0000 0.0000)-1.0000 (0.0000 0.0000)-1.0000 (0.0942 0.0000)-1.0000 (0.0000 0.0000)-1.0000 (0.0000 0.0000)
Bos_javanicus_unit2  0.6039 (0.2020 0.3345)-1.0000 (0.3279 0.0000)-1.0000 (0.3394 0.0000)-1.0000 (0.0942 0.0000) 0.6039 (0.2020 0.3345)-1.0000 (0.3279 0.0000)-1.0000 (0.2085 0.0000)-1.0000 (0.0942 0.0000) 0.6039 (0.2020 0.3345)-1.0000 (0.3279 0.0000)-1.0000 (0.2085 0.0000)-1.0000 (0.0942 0.0000)-1.0000 (0.0942 0.0000)-1.0000 (0.0942 0.0000)-1.0000 (0.1663 0.0000)-1.0000 (0.0942 0.0000)-1.0000 (0.0942 0.0000)-1.0000 (0.0942 0.0000)-1.0000 (0.0942 0.0000)-1.0000 (0.0942 0.0000)-1.0000 (0.0942 0.0000)-1.0000 (0.0000 0.0000)-1.0000 (0.0942 0.0000)-1.0000 (0.0942 0.0000)-1.0000 (0.0942 0.0000)
Bos_javanicus_unit3  0.2980 (0.0954 0.3202)-1.0000 (0.2047 0.0000)-1.0000 (0.2113 0.0000)-1.0000 (0.0000 0.0000) 0.2980 (0.0954 0.3202)-1.0000 (0.2047 0.0000)-1.0000 (0.0982 0.0000)-1.0000 (0.0000 0.0000) 0.2980 (0.0954 0.3202)-1.0000 (0.2047 0.0000)-1.0000 (0.0982 0.0000)-1.0000 (0.0000 0.0000)-1.0000 (0.0000 0.0000)-1.0000 (0.0000 0.0000)-1.0000 (0.0000 0.0000)-1.0000 (0.0000 0.0000)-1.0000 (0.0000 0.0000)-1.0000 (0.0000 0.0000)-1.0000 (0.0000 0.0000)-1.0000 (0.0000 0.0000)-1.0000 (0.0000 0.0000)-1.0000 (0.0942 0.0000)-1.0000 (0.0000 0.0000)-1.0000 (0.0000 0.0000)-1.0000 (0.0000 0.0000)-1.0000 (0.0942 0.0000)
Bos_javanicus_unit4  0.2980 (0.0954 0.3202)-1.0000 (0.2047 0.0000)-1.0000 (0.2113 0.0000)-1.0000 (0.0000 0.0000) 0.2980 (0.0954 0.3202)-1.0000 (0.2047 0.0000)-1.0000 (0.0982 0.0000)-1.0000 (0.0000 0.0000) 0.2980 (0.0954 0.3202)-1.0000 (0.2047 0.0000)-1.0000 (0.0982 0.0000)-1.0000 (0.0000 0.0000)-1.0000 (0.0000 0.0000)-1.0000 (0.0000 0.0000)-1.0000 (0.0000 0.0000)-1.0000 (0.0000 0.0000)-1.0000 (0.0000 0.0000)-1.0000 (0.0000 0.0000)-1.0000 (0.0000 0.0000)-1.0000 (0.0000 0.0000)-1.0000 (0.0000 0.0000)-1.0000 (0.0942 0.0000)-1.0000 (0.0000 0.0000)-1.0000 (0.0000 0.0000)-1.0000 (0.0000 0.0000)-1.0000 (0.0942 0.0000)-1.0000 (0.0000 0.0000)
Bison_bison_unit1    0.2980 (0.0954 0.3202)-1.0000 (0.2047 0.0000)-1.0000 (0.2113 0.0000)-1.0000 (0.0000 0.0000) 0.2980 (0.0954 0.3202)-1.0000 (0.2047 0.0000)-1.0000 (0.0982 0.0000)-1.0000 (0.0000 0.0000) 0.2980 (0.0954 0.3202)-1.0000 (0.2047 0.0000)-1.0000 (0.0982 0.0000)-1.0000 (0.0000 0.0000)-1.0000 (0.0000 0.0000)-1.0000 (0.0000 0.0000)-1.0000 (0.0000 0.0000)-1.0000 (0.0000 0.0000)-1.0000 (0.0000 0.0000)-1.0000 (0.0000 0.0000)-1.0000 (0.0000 0.0000)-1.0000 (0.0000 0.0000)-1.0000 (0.0000 0.0000)-1.0000 (0.0942 0.0000)-1.0000 (0.0000 0.0000)-1.0000 (0.0000 0.0000)-1.0000 (0.0000 0.0000)-1.0000 (0.0942 0.0000)-1.0000 (0.0000 0.0000)-1.0000 (0.0000 0.0000)
Bison_bison_unit2    0.2457 (0.1178 0.4793)-1.0000 (0.1222 0.0000)-1.0000 (0.2682 0.0000)-1.0000 (0.0000 0.0000) 0.2457 (0.1178 0.4793)-1.0000 (0.1222 0.0000)-1.0000 (0.1222 0.0000)-1.0000 (0.0000 0.0000) 0.2457 (0.1178 0.4793)-1.0000 (0.1222 0.0000)-1.0000 (0.1222 0.0000)-1.0000 (0.0000 0.0000)-1.0000 (0.0000 0.0000)-1.0000 (0.0000 0.0000)-1.0000 (0.0000 0.0000)-1.0000 (0.0000 0.0000)-1.0000 (0.0000 0.0000)-1.0000 (0.0000 0.0000)-1.0000 (0.0000 0.0000)-1.0000 (0.0000 0.0000)-1.0000 (0.0000 0.0000)-1.0000 (0.0000 0.0000)-1.0000 (0.0000 0.0000)-1.0000 (0.0000 0.0000)-1.0000 (0.0000 0.0000)-1.0000 (0.0000 0.0000)-1.0000 (0.0000 0.0000)-1.0000 (0.0000 0.0000)-1.0000 (0.0000 0.0000)
Bison_bison_unit3    0.2980 (0.0954 0.3202)-1.0000 (0.2047 0.0000)-1.0000 (0.2113 0.0000)-1.0000 (0.0000 0.0000) 0.2980 (0.0954 0.3202)-1.0000 (0.2047 0.0000)-1.0000 (0.0982 0.0000)-1.0000 (0.0000 0.0000) 0.2980 (0.0954 0.3202)-1.0000 (0.2047 0.0000)-1.0000 (0.0982 0.0000)-1.0000 (0.0000 0.0000)-1.0000 (0.0000 0.0000)-1.0000 (0.0000 0.0000)-1.0000 (0.0000 0.0000)-1.0000 (0.0000 0.0000)-1.0000 (0.0000 0.0000)-1.0000 (0.0000 0.0000)-1.0000 (0.0000 0.0000)-1.0000 (0.0000 0.0000)-1.0000 (0.0000 0.0000)-1.0000 (0.0942 0.0000)-1.0000 (0.0000 0.0000)-1.0000 (0.0000 0.0000)-1.0000 (0.0000 0.0000)-1.0000 (0.0942 0.0000)-1.0000 (0.0000 0.0000)-1.0000 (0.0000 0.0000)-1.0000 (0.0000 0.0000)-1.0000 (0.0000 0.0000)
Bison_bison_unit4    0.2980 (0.0954 0.3202)-1.0000 (0.2047 0.0000)-1.0000 (0.2113 0.0000)-1.0000 (0.0000 0.0000) 0.2980 (0.0954 0.3202)-1.0000 (0.2047 0.0000)-1.0000 (0.0982 0.0000)-1.0000 (0.0000 0.0000) 0.2980 (0.0954 0.3202)-1.0000 (0.2047 0.0000)-1.0000 (0.0982 0.0000)-1.0000 (0.0000 0.0000)-1.0000 (0.0000 0.0000)-1.0000 (0.0000 0.0000)-1.0000 (0.0000 0.0000)-1.0000 (0.0000 0.0000)-1.0000 (0.0000 0.0000)-1.0000 (0.0000 0.0000)-1.0000 (0.0000 0.0000)-1.0000 (0.0000 0.0000)-1.0000 (0.0000 0.0000)-1.0000 (0.0942 0.0000)-1.0000 (0.0000 0.0000)-1.0000 (0.0000 0.0000)-1.0000 (0.0000 0.0000)-1.0000 (0.0942 0.0000)-1.0000 (0.0000 0.0000)-1.0000 (0.0000 0.0000)-1.0000 (0.0000 0.0000)-1.0000 (0.0000 0.0000)-1.0000 (0.0000 0.0000)
Bos_grunniens_unit1  0.2980 (0.0954 0.3202)-1.0000 (0.2047 0.0000)-1.0000 (0.2113 0.0000)-1.0000 (0.0000 0.0000) 0.2980 (0.0954 0.3202)-1.0000 (0.2047 0.0000)-1.0000 (0.0982 0.0000)-1.0000 (0.0000 0.0000) 0.2980 (0.0954 0.3202)-1.0000 (0.2047 0.0000)-1.0000 (0.0982 0.0000)-1.0000 (0.0000 0.0000)-1.0000 (0.0000 0.0000)-1.0000 (0.0000 0.0000)-1.0000 (0.0000 0.0000)-1.0000 (0.0000 0.0000)-1.0000 (0.0000 0.0000)-1.0000 (0.0000 0.0000)-1.0000 (0.0000 0.0000)-1.0000 (0.0000 0.0000)-1.0000 (0.0000 0.0000)-1.0000 (0.0942 0.0000)-1.0000 (0.0000 0.0000)-1.0000 (0.0000 0.0000)-1.0000 (0.0000 0.0000)-1.0000 (0.0942 0.0000)-1.0000 (0.0000 0.0000)-1.0000 (0.0000 0.0000)-1.0000 (0.0000 0.0000)-1.0000 (0.0000 0.0000)-1.0000 (0.0000 0.0000)-1.0000 (0.0000 0.0000)
Bos_grunniens_unit2  0.6039 (0.2020 0.3345) 0.9804 (0.3279 0.3345) 1.1202 (0.3394 0.3030) 0.2817 (0.0942 0.3345) 0.6039 (0.2020 0.3345) 0.9804 (0.3279 0.3345) 0.6880 (0.2085 0.3030) 0.2817 (0.0942 0.3345) 0.6039 (0.2020 0.3345) 0.9804 (0.3279 0.3345) 0.6880 (0.2085 0.3030) 0.2817 (0.0942 0.3345) 0.2817 (0.0942 0.3345) 0.2817 (0.0942 0.3345)-1.0000 (0.1663 0.0000) 0.2817 (0.0942 0.3345) 0.2817 (0.0942 0.3345) 0.2817 (0.0942 0.3345) 0.2817 (0.0942 0.3345) 0.2817 (0.0942 0.3345) 0.2817 (0.0942 0.3345)-1.0000 (0.0000 0.3505) 0.2817 (0.0942 0.3345) 0.2817 (0.0942 0.3345) 0.2817 (0.0942 0.3345)-1.0000 (0.0000 0.3505) 0.2817 (0.0942 0.3345) 0.2817 (0.0942 0.3345) 0.2817 (0.0942 0.3345)-1.0000 (0.0000 0.4793) 0.2817 (0.0942 0.3345) 0.2817 (0.0942 0.3345) 0.2817 (0.0942 0.3345)
Bos_grunniens_unit3  0.2980 (0.0954 0.3202)-1.0000 (0.2047 0.0000)-1.0000 (0.2113 0.0000)-1.0000 (0.0000 0.0000) 0.2980 (0.0954 0.3202)-1.0000 (0.2047 0.0000)-1.0000 (0.0982 0.0000)-1.0000 (0.0000 0.0000) 0.2980 (0.0954 0.3202)-1.0000 (0.2047 0.0000)-1.0000 (0.0982 0.0000)-1.0000 (0.0000 0.0000)-1.0000 (0.0000 0.0000)-1.0000 (0.0000 0.0000)-1.0000 (0.0000 0.0000)-1.0000 (0.0000 0.0000)-1.0000 (0.0000 0.0000)-1.0000 (0.0000 0.0000)-1.0000 (0.0000 0.0000)-1.0000 (0.0000 0.0000)-1.0000 (0.0000 0.0000)-1.0000 (0.0942 0.0000)-1.0000 (0.0000 0.0000)-1.0000 (0.0000 0.0000)-1.0000 (0.0000 0.0000)-1.0000 (0.0942 0.0000)-1.0000 (0.0000 0.0000)-1.0000 (0.0000 0.0000)-1.0000 (0.0000 0.0000)-1.0000 (0.0000 0.0000)-1.0000 (0.0000 0.0000)-1.0000 (0.0000 0.0000)-1.0000 (0.0000 0.0000) 0.2817 (0.0942 0.3345)
Bos_grunniens_unit4  0.2980 (0.0954 0.3202)-1.0000 (0.2047 0.0000)-1.0000 (0.2113 0.0000)-1.0000 (0.0000 0.0000) 0.2980 (0.0954 0.3202)-1.0000 (0.2047 0.0000)-1.0000 (0.0982 0.0000)-1.0000 (0.0000 0.0000) 0.2980 (0.0954 0.3202)-1.0000 (0.2047 0.0000)-1.0000 (0.0982 0.0000)-1.0000 (0.0000 0.0000)-1.0000 (0.0000 0.0000)-1.0000 (0.0000 0.0000)-1.0000 (0.0000 0.0000)-1.0000 (0.0000 0.0000)-1.0000 (0.0000 0.0000)-1.0000 (0.0000 0.0000)-1.0000 (0.0000 0.0000)-1.0000 (0.0000 0.0000)-1.0000 (0.0000 0.0000)-1.0000 (0.0942 0.0000)-1.0000 (0.0000 0.0000)-1.0000 (0.0000 0.0000)-1.0000 (0.0000 0.0000)-1.0000 (0.0942 0.0000)-1.0000 (0.0000 0.0000)-1.0000 (0.0000 0.0000)-1.0000 (0.0000 0.0000)-1.0000 (0.0000 0.0000)-1.0000 (0.0000 0.0000)-1.0000 (0.0000 0.0000)-1.0000 (0.0000 0.0000) 0.2817 (0.0942 0.3345)-1.0000 (0.0000 0.0000)
Bubalus_bubalis_unit1 0.2980 (0.0954 0.3202)-1.0000 (0.2047 0.0000)-1.0000 (0.2113 0.0000)-1.0000 (0.0000 0.0000) 0.2980 (0.0954 0.3202)-1.0000 (0.2047 0.0000)-1.0000 (0.0982 0.0000)-1.0000 (0.0000 0.0000) 0.2980 (0.0954 0.3202)-1.0000 (0.2047 0.0000)-1.0000 (0.0982 0.0000)-1.0000 (0.0000 0.0000)-1.0000 (0.0000 0.0000)-1.0000 (0.0000 0.0000)-1.0000 (0.0000 0.0000)-1.0000 (0.0000 0.0000)-1.0000 (0.0000 0.0000)-1.0000 (0.0000 0.0000)-1.0000 (0.0000 0.0000)-1.0000 (0.0000 0.0000)-1.0000 (0.0000 0.0000)-1.0000 (0.0942 0.0000)-1.0000 (0.0000 0.0000)-1.0000 (0.0000 0.0000)-1.0000 (0.0000 0.0000)-1.0000 (0.0942 0.0000)-1.0000 (0.0000 0.0000)-1.0000 (0.0000 0.0000)-1.0000 (0.0000 0.0000)-1.0000 (0.0000 0.0000)-1.0000 (0.0000 0.0000)-1.0000 (0.0000 0.0000)-1.0000 (0.0000 0.0000) 0.2817 (0.0942 0.3345)-1.0000 (0.0000 0.0000)-1.0000 (0.0000 0.0000)
Bubalus_bubalis_unit4 0.2980 (0.0954 0.3202)-1.0000 (0.2047 0.0000)-1.0000 (0.2113 0.0000)-1.0000 (0.0000 0.0000) 0.2980 (0.0954 0.3202)-1.0000 (0.2047 0.0000)-1.0000 (0.0982 0.0000)-1.0000 (0.0000 0.0000) 0.2980 (0.0954 0.3202)-1.0000 (0.2047 0.0000)-1.0000 (0.0982 0.0000)-1.0000 (0.0000 0.0000)-1.0000 (0.0000 0.0000)-1.0000 (0.0000 0.0000)-1.0000 (0.0000 0.0000)-1.0000 (0.0000 0.0000)-1.0000 (0.0000 0.0000)-1.0000 (0.0000 0.0000)-1.0000 (0.0000 0.0000)-1.0000 (0.0000 0.0000)-1.0000 (0.0000 0.0000)-1.0000 (0.0942 0.0000)-1.0000 (0.0000 0.0000)-1.0000 (0.0000 0.0000)-1.0000 (0.0000 0.0000)-1.0000 (0.0942 0.0000)-1.0000 (0.0000 0.0000)-1.0000 (0.0000 0.0000)-1.0000 (0.0000 0.0000)-1.0000 (0.0000 0.0000)-1.0000 (0.0000 0.0000)-1.0000 (0.0000 0.0000)-1.0000 (0.0000 0.0000) 0.2817 (0.0942 0.3345)-1.0000 (0.0000 0.0000)-1.0000 (0.0000 0.0000)-1.0000 (0.0000 0.0000)
Syncerus_caffer_unit1 0.2980 (0.0954 0.3202)-1.0000 (0.2047 0.0000)-1.0000 (0.2113 0.0000)-1.0000 (0.0000 0.0000) 0.2980 (0.0954 0.3202)-1.0000 (0.2047 0.0000)-1.0000 (0.0982 0.0000)-1.0000 (0.0000 0.0000) 0.2980 (0.0954 0.3202)-1.0000 (0.2047 0.0000)-1.0000 (0.0982 0.0000)-1.0000 (0.0000 0.0000)-1.0000 (0.0000 0.0000)-1.0000 (0.0000 0.0000)-1.0000 (0.0000 0.0000)-1.0000 (0.0000 0.0000)-1.0000 (0.0000 0.0000)-1.0000 (0.0000 0.0000)-1.0000 (0.0000 0.0000)-1.0000 (0.0000 0.0000)-1.0000 (0.0000 0.0000)-1.0000 (0.0942 0.0000)-1.0000 (0.0000 0.0000)-1.0000 (0.0000 0.0000)-1.0000 (0.0000 0.0000)-1.0000 (0.0942 0.0000)-1.0000 (0.0000 0.0000)-1.0000 (0.0000 0.0000)-1.0000 (0.0000 0.0000)-1.0000 (0.0000 0.0000)-1.0000 (0.0000 0.0000)-1.0000 (0.0000 0.0000)-1.0000 (0.0000 0.0000) 0.2817 (0.0942 0.3345)-1.0000 (0.0000 0.0000)-1.0000 (0.0000 0.0000)-1.0000 (0.0000 0.0000)-1.0000 (0.0000 0.0000)
Syncerus_caffer_unit4 0.2980 (0.0954 0.3202)-1.0000 (0.2047 0.0000)-1.0000 (0.2113 0.0000)-1.0000 (0.0000 0.0000) 0.2980 (0.0954 0.3202)-1.0000 (0.2047 0.0000)-1.0000 (0.0982 0.0000)-1.0000 (0.0000 0.0000) 0.2980 (0.0954 0.3202)-1.0000 (0.2047 0.0000)-1.0000 (0.0982 0.0000)-1.0000 (0.0000 0.0000)-1.0000 (0.0000 0.0000)-1.0000 (0.0000 0.0000)-1.0000 (0.0000 0.0000)-1.0000 (0.0000 0.0000)-1.0000 (0.0000 0.0000)-1.0000 (0.0000 0.0000)-1.0000 (0.0000 0.0000)-1.0000 (0.0000 0.0000)-1.0000 (0.0000 0.0000)-1.0000 (0.0942 0.0000)-1.0000 (0.0000 0.0000)-1.0000 (0.0000 0.0000)-1.0000 (0.0000 0.0000)-1.0000 (0.0942 0.0000)-1.0000 (0.0000 0.0000)-1.0000 (0.0000 0.0000)-1.0000 (0.0000 0.0000)-1.0000 (0.0000 0.0000)-1.0000 (0.0000 0.0000)-1.0000 (0.0000 0.0000)-1.0000 (0.0000 0.0000) 0.2817 (0.0942 0.3345)-1.0000 (0.0000 0.0000)-1.0000 (0.0000 0.0000)-1.0000 (0.0000 0.0000)-1.0000 (0.0000 0.0000)-1.0000 (0.0000 0.0000)
